0 info it worked if it ends with ok
1 verbose cli [ 'G:\\nodejs\\node.exe',
1 verbose cli   'G:\\nodejs\\node_modules\\npm\\bin\\npm-cli.js',
1 verbose cli   'start' ]
2 info using npm@3.10.10
3 info using node@v6.11.2
4 verbose run-script [ 'prestart', 'start', 'poststart' ]
5 info lifecycle PassportJS@0.0.0~prestart: PassportJS@0.0.0
6 silly lifecycle PassportJS@0.0.0~prestart: no script for prestart, continuing
7 info lifecycle PassportJS@0.0.0~start: PassportJS@0.0.0
8 verbose lifecycle PassportJS@0.0.0~start: unsafe-perm in lifecycle true
9 verbose lifecycle PassportJS@0.0.0~start: PATH: G:\nodejs\node_modules\npm\bin\node-gyp-bin;G:\DropboxLab2\back-end\node_modules\.bin;C:\ProgramData\Oracle\Java\javapath;C:\WINDOWS\system32;C:\WINDOWS;C:\WINDOWS\System32\Wbem;C:\WINDOWS\System32\WindowsPowerShell\v1.0\;G:\nodejs\;C:\Program Files\MySQL\MySQL Utilities 1.6\;C:\Program Files\MongoDB\Server\3.4\bin;C:\Program Files\Git\cmd;%ZOOKEEPER_HOME%\bin;%JAVA_HOM%\bin;C:\Users\Karan\AppData\Local\Programs\Python\Python36-32\Scripts\;C:\Users\Karan\AppData\Local\Programs\Python\Python36-32\;C:\Users\Karan\AppData\Local\Microsoft\WindowsApps;C:\Users\Karan\AppData\Roaming\npm;G:\Zookeeper\zookeeper-3.4.10\\bin;G:\Zookeeper\zookeeper-3.4.10\bin;"C:\Progra~1\Java\jdk1.8.0_144";
10 verbose lifecycle PassportJS@0.0.0~start: CWD: G:\DropboxLab2\back-end
11 silly lifecycle PassportJS@0.0.0~start: Args: [ '/d /s /c', 'nodemon --harmony ./bin/www' ]
12 verbose stack Error: kill ENOSYS
12 verbose stack     at exports._errnoException (util.js:1020:11)
12 verbose stack     at process.kill (internal/process.js:190:13)
12 verbose stack     at process.listener (G:\nodejs\node_modules\npm\node_modules\npmlog\node_modules\gauge\node_modules\signal-exit\index.js:86:15)
12 verbose stack     at emitNone (events.js:91:20)
12 verbose stack     at process.emit (events.js:185:7)
12 verbose stack     at processEmit (G:\nodejs\node_modules\npm\node_modules\npmlog\node_modules\gauge\node_modules\signal-exit\index.js:146:32)
12 verbose stack     at processEmit (G:\nodejs\node_modules\npm\node_modules\npm-registry-client\node_modules\npmlog\node_modules\gauge\node_modules\signal-exit\index.js:146:32)
12 verbose stack     at Signal.wrap.onsignal (internal/process.js:217:44)
13 verbose cwd G:\DropboxLab2\back-end
14 error Windows_NT 10.0.15063
15 error argv "G:\\nodejs\\node.exe" "G:\\nodejs\\node_modules\\npm\\bin\\npm-cli.js" "start"
16 error node v6.11.2
17 error npm  v3.10.10
18 error code ENOSYS
19 error errno ENOSYS
20 error syscall kill
21 error kill ENOSYS
22 error If you need help, you may report this error at:
22 error     <https://github.com/npm/npm/issues>
23 verbose exit [ 1, true ]
